#
# There is insufficient memory for the Java Runtime Environment to continue.
# Native memory allocation (mmap) failed to map 65536 bytes. Error detail: Failed to commit metaspace.
# Possible reasons:
#   The system is out of physical RAM or swap space
#   This process is running with CompressedOops enabled, and the Java Heap may be blocking the growth of the native heap
# Possible solutions:
#   Reduce memory load on the system
#   Increase physical memory or swap space
#   Check if swap backing store is full
#   Decrease Java heap size (-Xmx/-Xms)
#   Decrease number of Java threads
#   Decrease Java thread stack sizes (-Xss)
#   Set larger code cache with -XX:ReservedCodeCacheSize=
#   JVM is running with Unscaled Compressed Oops mode in which the Java heap is
#     placed in the first 4GB address space. The Java Heap base address is the
#     maximum limit for the native heap growth. Please use -XX:HeapBaseMinAddress
#     to set the Java Heap base and to place the Java Heap above 4GB virtual address.
# This output file may be truncated or incomplete.
#
#  Out of Memory Error (virtualSpaceNode.cpp:110), pid=12872, tid=6180
#
# JRE version: OpenJDK Runtime Environment Microsoft-9388408 (17.0.11+9) (build 17.0.11+9-LTS)
# Java VM: OpenJDK 64-Bit Server VM Microsoft-9388408 (17.0.11+9-LTS, mixed mode, sharing, tiered, compressed oops, compressed class ptrs, g1 gc, windows-amd64)
# No core dump will be written. Minidumps are not enabled by default on client versions of Windows
#

---------------  S U M M A R Y ------------

Command Line: -Xmx64m -Xms64m -Dorg.gradle.appname=gradlew org.gradle.wrapper.GradleWrapperMain app:installDebug -PreactNativeDevServerPort=8081

Host: Intel(R) Core(TM) i5-6500 CPU @ 3.20GHz, 4 cores, 7G,  Windows 10 , 64 bit Build 19041 (10.0.19041.4597)
Time: Fri Jul 19 18:51:02 2024 India Standard Time elapsed time: 0.106670 seconds (0d 0h 0m 0s)

---------------  T H R E A D  ---------------

Current thread (0x00000281815ef960):  JavaThread "main" [_thread_in_vm, id=6180, stack(0x000000af30800000,0x000000af30900000)]

Stack: [0x000000af30800000,0x000000af30900000]
Native frames: (J=compiled Java code, j=interpreted, Vv=VM code, C=native code)
V  [jvm.dll+0x67f6d9]
V  [jvm.dll+0x83773a]
V  [jvm.dll+0x8391fe]
V  [jvm.dll+0x839863]
V  [jvm.dll+0x247fbf]
V  [jvm.dll+0x8333fb]
V  [jvm.dll+0x624016]
V  [jvm.dll+0x62407a]
V  [jvm.dll+0x6268aa]
V  [jvm.dll+0x6249b6]
V  [jvm.dll+0x370b72]
V  [jvm.dll+0x1e390b]
V  [jvm.dll+0x5447a7]
V  [jvm.dll+0x1f2a97]
V  [jvm.dll+0x7b0c7b]
V  [jvm.dll+0x7b2049]
V  [jvm.dll+0x7b28c3]
V  [jvm.dll+0x1ecf04]
V  [jvm.dll+0x1e206a]
V  [jvm.dll+0x54477e]
V  [jvm.dll+0x1f2a97]
V  [jvm.dll+0x7b0c7b]
V  [jvm.dll+0x7b2049]
V  [jvm.dll+0x7b2398]
V  [jvm.dll+0x24027e]
V  [jvm.dll+0x24196d]
V  [jvm.dll+0x23e225]
V  [jvm.dll+0x124a30]
V  [jvm.dll+0x124dff]
V  [jvm.dll+0x7aff72]
V  [jvm.dll+0x565c7c]
V  [jvm.dll+0x565ac6]
V  [jvm.dll+0x3880a1]
C  0x0000028191e7b4a4

The last pc belongs to invokedynamic (printed below).
Java frames: (J=compiled Java code, j=interpreted, Vv=VM code)
j  java.lang.invoke.VarHandleByteArrayAsInts$ArrayHandle.<clinit>()V+0 java.base@17.0.11
v  ~StubRoutines::call_stub
j  java.lang.invoke.VarHandles.byteArrayViewHandle(Ljava/lang/Class;Z)Ljava/lang/invoke/VarHandle;+65 java.base@17.0.11
j  java.lang.invoke.MethodHandles.byteArrayViewVarHandle(Ljava/lang/Class;Ljava/nio/ByteOrder;)Ljava/lang/invoke/VarHandle;+18 java.base@17.0.11
j  sun.security.provider.ByteArrayAccess$LE.<clinit>()V+5 java.base@17.0.11
v  ~StubRoutines::call_stub
j  sun.security.provider.MD5.implCompress0([BI)V+31 java.base@17.0.11
j  sun.security.provider.MD5.implCompress([BI)V+9 java.base@17.0.11
j  sun.security.provider.DigestBase.engineUpdate([BII)V+128 java.base@17.0.11
j  sun.security.provider.MD5.implDigest([BI)V+46 java.base@17.0.11
j  sun.security.provider.DigestBase.engineDigest([BII)I+97 java.base@17.0.11
j  sun.security.provider.DigestBase.engineDigest()[B+12 java.base@17.0.11
j  java.security.MessageDigest$Delegate.engineDigest()[B+4 java.base@17.0.11
j  java.security.MessageDigest.digest()[B+1 java.base@17.0.11
j  org.gradle.wrapper.PathAssembler.getHash(Ljava/lang/String;)Ljava/lang/String;+22
j  org.gradle.wrapper.PathAssembler.rootDirName(Ljava/lang/String;Lorg/gradle/wrapper/WrapperConfiguration;)Ljava/lang/String;+11
j  org.gradle.wrapper.PathAssembler.getDistribution(Lorg/gradle/wrapper/WrapperConfiguration;)Lorg/gradle/wrapper/PathAssembler$LocalDistribution;+18
j  org.gradle.wrapper.Install.createDist(Lorg/gradle/wrapper/WrapperConfiguration;)Ljava/io/File;+10
j  org.gradle.wrapper.WrapperExecutor.execute([Ljava/lang/String;Lorg/gradle/wrapper/Install;Lorg/gradle/wrapper/BootstrapMainStarter;)V+5
j  org.gradle.wrapper.GradleWrapperMain.main([Ljava/lang/String;)V+206
v  ~StubRoutines::call_stub
invokedynamic  186 invokedynamic  [0x0000028191e7b400, 0x0000028191e7b700]  768 bytes
[MachCode]
  0x0000028191e7b400: 4883 ec08 | c5fa 1104 | 24eb 1f48 | 83ec 10c5 | fb11 0424 | eb14 4883 | ec10 4889 | 0424 48c7 
  0x0000028191e7b420: 4424 0800 | 0000 00eb | 0150 4c89 | 6dc0 418b | 5501 f7d2 | 488b 4dd0 | c1e2 028b | 5cd1 20c1 
  0x0000028191e7b440: eb10 81e3 | ff00 0000 | 81fb ba00 | 0000 0f84 | b700 0000 | bbba 0000 | 00e8 0500 | 0000 e99b 
  0x0000028191e7b460: 0000 0048 | 8bd3 488d | 4424 084c | 896d c049 | 8bcf c5f8 | 7749 89af | a802 0000 | 4989 8798 
  0x0000028191e7b480: 0200 0048 | 83ec 20f7 | c40f 0000 | 000f 841a | 0000 0048 | 83ec 0849 | bae0 7d12 | e3ff 7f00 
  0x0000028191e7b4a0: 0041 ffd2 | 4883 c408 | e90d 0000 | 0049 bae0 | 7d12 e3ff | 7f00 0041 | ffd2 4883 | c420 49c7 
  0x0000028191e7b4c0: 8798 0200 | 0000 0000 | 0049 c787 | a802 0000 | 0000 0000 | 49c7 87a0 | 0200 0000 | 0000 00c5 
  0x0000028191e7b4e0: f877 4981 | 7f08 0000 | 0000 0f84 | 0500 0000 | e90b 5afe | ff4c 8b6d | c04c 8b75 | c8c3 418b 
  0x0000028191e7b500: 5501 f7d2 | 488b 4dd0 | c1e2 0248 | 8b5c d128 | 488b 44d1 | 308b 54d1 | 38f7 c200 | 0000 010f 
  0x0000028191e7b520: 8421 0000 | 0053 488b | d848 8b45 | e848 8b40 | 0848 8b40 | 0848 8b40 | 1048 8b40 | 1048 8b00 
  0x0000028191e7b540: 8b44 9810 | 5b50 c1ea | 1c49 ba40 | a294 e3ff | 7f00 0049 | 8b14 d252 | 4c8b 6dd8 | 4d85 ed0f 
  0x0000028191e7b560: 8412 0000 | 0049 8345 | 0801 4983 | 5d08 0049 | 83c5 104c | 896d d848 | 8b55 d848 | 85d2 0f84 
  0x0000028191e7b580: 5701 0000 | 807a f00a | 0f85 4d01 | 0000 4883 | c208 4c8b | 6af8 4183 | ed00 4183 | fd02 0f8c 
  0x0000028191e7b5a0: 2c01 0000 | 4c8b 6b08 | 450f b76d | 2c4c 2b2a | 4183 ed01 | 4e8b 6cec | 084d 85ed | 7512 48f7 
  0x0000028191e7b5c0: 4208 0100 | 0000 7561 | f048 834a | 0801 eb59 | 458b 6d08 | 49ba 0000 | 009d 8102 | 0000 4d03 
  0x0000028191e7b5e0: ea4d 8bd5 | 4c33 6a08 | 49f7 c5fc | ffff ff74 | 3849 f7c5 | 0200 0000 | 752f 4881 | 7a08 0000 
  0x0000028191e7b600: 0000 7421 | 4881 7a08 | 0100 0000 | 7417 4d8b | ea4c 336a | 0849 f7c5 | fcff ffff | 740b 4883 
  0x0000028191e7b620: 4a08 02eb | 044c 896a | 0848 83c2 | 104c 8b6a | e841 83ed | 0241 83fd | 020f 8c91 | 0000 004c 
  0x0000028191e7b640: 8b6b 0845 | 0fb7 6d2c | 4c2b 2a41 | 83ed 014e | 8b6c ec08 | 4d85 ed75 | 1248 f742 | 0801 0000 
  0x0000028191e7b660: 0075 61f0 | 4883 4a08 | 01eb 5945 | 8b6d 0849 | ba00 0000 | 9d81 0200 | 004d 03ea | 4d8b d54c 
  0x0000028191e7b680: 336a 0849 | f7c5 fcff | ffff 7438 | 49f7 c502 | 0000 0075 | 2f48 817a | 0800 0000 | 0074 2148 
  0x0000028191e7b6a0: 817a 0801 | 0000 0074 | 174d 8bea | 4c33 6a08 | 49f7 c5fc | ffff ff74 | 0b48 834a | 0802 eb04 
  0x0000028191e7b6c0: 4c89 6a08 | 4883 c210 | 4c8b 6ad8 | 4183 ed04 | 41c1 e503 | 4903 d548 | 8955 d84c | 8d6c 2408 
  0x0000028191e7b6e0: 4c89 6df0 | ff63 5090 | 0000 0000 | 0000 0000 | 0000 0000 | 0000 0000 | 0000 0000 | 0000 0000 
[/MachCode]

---------------  P R O C E S S  ---------------

Threads class SMR info:
_java_thread_list=0x000002819c97a750, length=12, elements={
0x00000281815ef960, 0x000002818168c4f0, 0x000002818168d280, 0x00000281816a28f0,
0x00000281816a5590, 0x00000281816a83f0, 0x00000281816a8cc0, 0x00000281816a98c0,
0x000002819c6decd0, 0x000002819c6ffda0, 0x000002819c979190, 0x000002819c97dae0
}

Java Threads: ( => current thread )
=>0x00000281815ef960 JavaThread "main" [_thread_in_vm, id=6180, stack(0x000000af30800000,0x000000af30900000)]
  0x000002818168c4f0 JavaThread "Reference Handler" daemon [_thread_blocked, id=7016, stack(0x000000af30f00000,0x000000af31000000)]
  0x000002818168d280 JavaThread "Finalizer" daemon [_thread_blocked, id=7536, stack(0x000000af31000000,0x000000af31100000)]
  0x00000281816a28f0 JavaThread "Signal Dispatcher" daemon [_thread_blocked, id=13620, stack(0x000000af31100000,0x000000af31200000)]
  0x00000281816a5590 JavaThread "Attach Listener" daemon [_thread_blocked, id=8700, stack(0x000000af31200000,0x000000af31300000)]
  0x00000281816a83f0 JavaThread "Service Thread" daemon [_thread_blocked, id=2972, stack(0x000000af31300000,0x000000af31400000)]
  0x00000281816a8cc0 JavaThread "Monitor Deflation Thread" daemon [_thread_blocked, id=14404, stack(0x000000af31400000,0x000000af31500000)]
  0x00000281816a98c0 JavaThread "C2 CompilerThread0" daemon [_thread_blocked, id=14176, stack(0x000000af31500000,0x000000af31600000)]
  0x000002819c6decd0 JavaThread "C1 CompilerThread0" daemon [_thread_blocked, id=12136, stack(0x000000af31600000,0x000000af31700000)]
  0x000002819c6ffda0 JavaThread "Sweeper thread" daemon [_thread_blocked, id=1468, stack(0x000000af31700000,0x000000af31800000)]
  0x000002819c979190 JavaThread "Notification Thread" daemon [_thread_blocked, id=8684, stack(0x000000af31800000,0x000000af31900000)]
  0x000002819c97dae0 JavaThread "Common-Cleaner" daemon [_thread_blocked, id=14348, stack(0x000000af31a00000,0x000000af31b00000)]

Other Threads:
  0x0000028181683db0 VMThread "VM Thread" [stack: 0x000000af30e00000,0x000000af30f00000] [id=5492]
  0x000002819c979670 WatcherThread [stack: 0x000000af31900000,0x000000af31a00000] [id=13120]
  0x00000281816127a0 GCTaskThread "GC Thread#0" [stack: 0x000000af30900000,0x000000af30a00000] [id=11492]
  0x0000028181618430 ConcurrentGCThread "G1 Main Marker" [stack: 0x000000af30a00000,0x000000af30b00000] [id=1228]
  0x0000028181619d10 ConcurrentGCThread "G1 Conc#0" [stack: 0x000000af30b00000,0x000000af30c00000] [id=12180]
  0x0000028181669900 ConcurrentGCThread "G1 Refine#0" [stack: 0x000000af30c00000,0x000000af30d00000] [id=7860]
  0x000002818166a240 ConcurrentGCThread "G1 Service" [stack: 0x000000af30d00000,0x000000af30e00000] [id=6308]

Threads with active compile tasks:

VM state: not at safepoint (normal execution)

VM Mutex/Monitor currently owned by a thread:  ([mutex/lock_event])
[0x00000281815ebc10] Metaspace_lock - owner thread: 0x00000281815ef960

Heap address: 0x00000000fc000000, size: 64 MB, Compressed Oops mode: 32-bit

CDS archive(s) mapped at: [0x000002819d000000-0x000002819dbb0000-0x000002819dbb0000), size 12255232, SharedBaseAddress: 0x000002819d000000, ArchiveRelocationMode: 1.
Compressed class space mapped at: 0x000002819e000000-0x00000281de000000, reserved size: 1073741824
Narrow klass base: 0x000002819d000000, Narrow klass shift: 0, Narrow klass range: 0x100000000

GC Precious Log:
 CPUs: 4 total, 4 available
 Memory: 8042M
 Large Page Support: Disabled
 NUMA Support: Disabled
 Compressed Oops: Enabled (32-bit)
 Heap Region Size: 1M
 Heap Min Capacity: 64M
 Heap Initial Capacity: 64M
 Heap Max Capacity: 64M
 Pre-touch: Disabled
 Parallel Workers: 4
 Concurrent Workers: 1
 Concurrent Refinement Workers: 4
 Periodic GC: Disabled

Heap:
 garbage-first heap   total 65536K, used 2048K [0x00000000fc000000, 0x0000000100000000)
  region size 1024K, 3 young (3072K), 0 survivors (0K)
 Metaspace       used 845K, committed 896K, reserved 1114112K
  class space    used 83K, committed 128K, reserved 1048576K

Heap Regions: E=young(eden), S=young(survivor), O=old, HS=humongous(starts), HC=humongous(continues), CS=collection set, F=free, OA=open archive, CA=closed archive, TAMS=top-at-mark-start (previous, next)
|   0|0x00000000fc000000, 0x00000000fc000000, 0x00000000fc100000|  0%| F|  |TAMS 0x00000000fc000000, 0x00000000fc000000| Untracked 
|   1|0x00000000fc100000, 0x00000000fc100000, 0x00000000fc200000|  0%| F|  |TAMS 0x00000000fc100000, 0x00000000fc100000| Untracked 
|   2|0x00000000fc200000, 0x00000000fc200000, 0x00000000fc300000|  0%| F|  |TAMS 0x00000000fc200000, 0x00000000fc200000| Untracked 
|   3|0x00000000fc300000, 0x00000000fc300000, 0x00000000fc400000|  0%| F|  |TAMS 0x00000000fc300000, 0x00000000fc300000| Untracked 
|   4|0x00000000fc400000, 0x00000000fc400000, 0x00000000fc500000|  0%| F|  |TAMS 0x00000000fc400000, 0x00000000fc400000| Untracked 
|   5|0x00000000fc500000, 0x00000000fc500000, 0x00000000fc600000|  0%| F|  |TAMS 0x00000000fc500000, 0x00000000fc500000| Untracked 
|   6|0x00000000fc600000, 0x00000000fc600000, 0x00000000fc700000|  0%| F|  |TAMS 0x00000000fc600000, 0x00000000fc600000| Untracked 
|   7|0x00000000fc700000, 0x00000000fc700000, 0x00000000fc800000|  0%| F|  |TAMS 0x00000000fc700000, 0x00000000fc700000| Untracked 
|   8|0x00000000fc800000, 0x00000000fc800000, 0x00000000fc900000|  0%| F|  |TAMS 0x00000000fc800000, 0x00000000fc800000| Untracked 
|   9|0x00000000fc900000, 0x00000000fc900000, 0x00000000fca00000|  0%| F|  |TAMS 0x00000000fc900000, 0x00000000fc900000| Untracked 
|  10|0x00000000fca00000, 0x00000000fca00000, 0x00000000fcb00000|  0%| F|  |TAMS 0x00000000fca00000, 0x00000000fca00000| Untracked 
|  11|0x00000000fcb00000, 0x00000000fcb00000, 0x00000000fcc00000|  0%| F|  |TAMS 0x00000000fcb00000, 0x00000000fcb00000| Untracked 
|  12|0x00000000fcc00000, 0x00000000fcc00000, 0x00000000fcd00000|  0%| F|  |TAMS 0x00000000fcc00000, 0x00000000fcc00000| Untracked 
|  13|0x00000000fcd00000, 0x00000000fcd00000, 0x00000000fce00000|  0%| F|  |TAMS 0x00000000fcd00000, 0x00000000fcd00000| Untracked 
|  14|0x00000000fce00000, 0x00000000fce00000, 0x00000000fcf00000|  0%| F|  |TAMS 0x00000000fce00000, 0x00000000fce00000| Untracked 
|  15|0x00000000fcf00000, 0x00000000fcf00000, 0x00000000fd000000|  0%| F|  |TAMS 0x00000000fcf00000, 0x00000000fcf00000| Untracked 
|  16|0x00000000fd000000, 0x00000000fd000000, 0x00000000fd100000|  0%| F|  |TAMS 0x00000000fd000000, 0x00000000fd000000| Untracked 
|  17|0x00000000fd100000, 0x00000000fd100000, 0x00000000fd200000|  0%| F|  |TAMS 0x00000000fd100000, 0x00000000fd100000| Untracked 
|  18|0x00000000fd200000, 0x00000000fd200000, 0x00000000fd300000|  0%| F|  |TAMS 0x00000000fd200000, 0x00000000fd200000| Untracked 
|  19|0x00000000fd300000, 0x00000000fd300000, 0x00000000fd400000|  0%| F|  |TAMS 0x00000000fd300000, 0x00000000fd300000| Untracked 
|  20|0x00000000fd400000, 0x00000000fd400000, 0x00000000fd500000|  0%| F|  |TAMS 0x00000000fd400000, 0x00000000fd400000| Untracked 
|  21|0x00000000fd500000, 0x00000000fd500000, 0x00000000fd600000|  0%| F|  |TAMS 0x00000000fd500000, 0x00000000fd500000| Untracked 
|  22|0x00000000fd600000, 0x00000000fd600000, 0x00000000fd700000|  0%| F|  |TAMS 0x00000000fd600000, 0x00000000fd600000| Untracked 
|  23|0x00000000fd700000, 0x00000000fd700000, 0x00000000fd800000|  0%| F|  |TAMS 0x00000000fd700000, 0x00000000fd700000| Untracked 
|  24|0x00000000fd800000, 0x00000000fd800000, 0x00000000fd900000|  0%| F|  |TAMS 0x00000000fd800000, 0x00000000fd800000| Untracked 
|  25|0x00000000fd900000, 0x00000000fd900000, 0x00000000fda00000|  0%| F|  |TAMS 0x00000000fd900000, 0x00000000fd900000| Untracked 
|  26|0x00000000fda00000, 0x00000000fda00000, 0x00000000fdb00000|  0%| F|  |TAMS 0x00000000fda00000, 0x00000000fda00000| Untracked 
|  27|0x00000000fdb00000, 0x00000000fdb00000, 0x00000000fdc00000|  0%| F|  |TAMS 0x00000000fdb00000, 0x00000000fdb00000| Untracked 
|  28|0x00000000fdc00000, 0x00000000fdc00000, 0x00000000fdd00000|  0%| F|  |TAMS 0x00000000fdc00000, 0x00000000fdc00000| Untracked 
|  29|0x00000000fdd00000, 0x00000000fdd00000, 0x00000000fde00000|  0%| F|  |TAMS 0x00000000fdd00000, 0x00000000fdd00000| Untracked 
|  30|0x00000000fde00000, 0x00000000fde00000, 0x00000000fdf00000|  0%| F|  |TAMS 0x00000000fde00000, 0x00000000fde00000| Untracked 
|  31|0x00000000fdf00000, 0x00000000fdf00000, 0x00000000fe000000|  0%| F|  |TAMS 0x00000000fdf00000, 0x00000000fdf00000| Untracked 
|  32|0x00000000fe000000, 0x00000000fe000000, 0x00000000fe100000|  0%| F|  |TAMS 0x00000000fe000000, 0x00000000fe000000| Untracked 
|  33|0x00000000fe100000, 0x00000000fe100000, 0x00000000fe200000|  0%| F|  |TAMS 0x00000000fe100000, 0x00000000fe100000| Untracked 
|  34|0x00000000fe200000, 0x00000000fe200000, 0x00000000fe300000|  0%| F|  |TAMS 0x00000000fe200000, 0x00000000fe200000| Untracked 
|  35|0x00000000fe300000, 0x00000000fe300000, 0x00000000fe400000|  0%| F|  |TAMS 0x00000000fe300000, 0x00000000fe300000| Untracked 
|  36|0x00000000fe400000, 0x00000000fe400000, 0x00000000fe500000|  0%| F|  |TAMS 0x00000000fe400000, 0x00000000fe400000| Untracked 
|  37|0x00000000fe500000, 0x00000000fe500000, 0x00000000fe600000|  0%| F|  |TAMS 0x00000000fe500000, 0x00000000fe500000| Untracked 
|  38|0x00000000fe600000, 0x00000000fe600000, 0x00000000fe700000|  0%| F|  |TAMS 0x00000000fe600000, 0x00000000fe600000| Untracked 
|  39|0x00000000fe700000, 0x00000000fe700000, 0x00000000fe800000|  0%| F|  |TAMS 0x00000000fe700000, 0x00000000fe700000| Untracked 
|  40|0x00000000fe800000, 0x00000000fe800000, 0x00000000fe900000|  0%| F|  |TAMS 0x00000000fe800000, 0x00000000fe800000| Untracked 
|  41|0x00000000fe900000, 0x00000000fe900000, 0x00000000fea00000|  0%| F|  |TAMS 0x00000000fe900000, 0x00000000fe900000| Untracked 
|  42|0x00000000fea00000, 0x00000000fea00000, 0x00000000feb00000|  0%| F|  |TAMS 0x00000000fea00000, 0x00000000fea00000| Untracked 
|  43|0x00000000feb00000, 0x00000000feb00000, 0x00000000fec00000|  0%| F|  |TAMS 0x00000000feb00000, 0x00000000feb00000| Untracked 
|  44|0x00000000fec00000, 0x00000000fec00000, 0x00000000fed00000|  0%| F|  |TAMS 0x00000000fec00000, 0x00000000fec00000| Untracked 
|  45|0x00000000fed00000, 0x00000000fed00000, 0x00000000fee00000|  0%| F|  |TAMS 0x00000000fed00000, 0x00000000fed00000| Untracked 
|  46|0x00000000fee00000, 0x00000000fee00000, 0x00000000fef00000|  0%| F|  |TAMS 0x00000000fee00000, 0x00000000fee00000| Untracked 
|  47|0x00000000fef00000, 0x00000000fef00000, 0x00000000ff000000|  0%| F|  |TAMS 0x00000000fef00000, 0x00000000fef00000| Untracked 
|  48|0x00000000ff000000, 0x00000000ff000000, 0x00000000ff100000|  0%| F|  |TAMS 0x00000000ff000000, 0x00000000ff000000| Untracked 
|  49|0x00000000ff100000, 0x00000000ff100000, 0x00000000ff200000|  0%| F|  |TAMS 0x00000000ff100000, 0x00000000ff100000| Untracked 
|  50|0x00000000ff200000, 0x00000000ff200000, 0x00000000ff300000|  0%| F|  |TAMS 0x00000000ff200000, 0x00000000ff200000| Untracked 
|  51|0x00000000ff300000, 0x00000000ff300000, 0x00000000ff400000|  0%| F|  |TAMS 0x00000000ff300000, 0x00000000ff300000| Untracked 
|  52|0x00000000ff400000, 0x00000000ff400000, 0x00000000ff500000|  0%| F|  |TAMS 0x00000000ff400000, 0x00000000ff400000| Untracked 
|  53|0x00000000ff500000, 0x00000000ff500000, 0x00000000ff600000|  0%| F|  |TAMS 0x00000000ff500000, 0x00000000ff500000| Untracked 
|  54|0x00000000ff600000, 0x00000000ff600000, 0x00000000ff700000|  0%| F|  |TAMS 0x00000000ff600000, 0x00000000ff600000| Untracked 
|  55|0x00000000ff700000, 0x00000000ff700000, 0x00000000ff800000|  0%| F|  |TAMS 0x00000000ff700000, 0x00000000ff700000| Untracked 
|  56|0x00000000ff800000, 0x00000000ff800000, 0x00000000ff900000|  0%| F|  |TAMS 0x00000000ff800000, 0x00000000ff800000| Untracked 
|  57|0x00000000ff900000, 0x00000000ff900000, 0x00000000ffa00000|  0%| F|  |TAMS 0x00000000ff900000, 0x00000000ff900000| Untracked 
|  58|0x00000000ffa00000, 0x00000000ffa00000, 0x00000000ffb00000|  0%| F|  |TAMS 0x00000000ffa00000, 0x00000000ffa00000| Untracked 
|  59|0x00000000ffb00000, 0x00000000ffb00000, 0x00000000ffc00000|  0%| F|  |TAMS 0x00000000ffb00000, 0x00000000ffb00000| Untracked 
|  60|0x00000000ffc00000, 0x00000000ffc00000, 0x00000000ffd00000|  0%| F|  |TAMS 0x00000000ffc00000, 0x00000000ffc00000| Untracked 
|  61|0x00000000ffd00000, 0x00000000ffd00800, 0x00000000ffe00000|  0%| E|  |TAMS 0x00000000ffd00000, 0x00000000ffd00000| Complete 
|  62|0x00000000ffe00000, 0x00000000fff00000, 0x00000000fff00000|100%| E|CS|TAMS 0x00000000ffe00000, 0x00000000ffe00000| Complete 
|  63|0x00000000fff00000, 0x0000000100000000, 0x0000000100000000|100%| E|CS|TAMS 0x00000000fff00000, 0x00000000fff00000| Complete 

Card table byte_map: [0x00000281816d0000,0x00000281816f0000] _byte_map_base: 0x0000028180ef0000

Marking Bits (Prev, Next): (CMBitMap*) 0x0000028181613ce0, (CMBitMap*) 0x0000028181613d20
 Prev Bits: [0x0000028199f50000, 0x000002819a050000)
 Next Bits: [0x000002819a050000, 0x000002819a150000)

Polling page: 0x0000028181470000

Metaspace:

Usage:
  Non-class:    762.35 KB used.
      Class:     83.27 KB used.
       Both:    845.62 KB used.

Virtual space:
  Non-class space:       64.00 MB reserved,     768.00 KB (  1%) committed,  1 nodes.
      Class space:        1.00 GB reserved,     128.00 KB ( <1%) committed,  1 nodes.
             Both:        1.06 GB reserved,     896.00 KB ( <1%) committed. 

Chunk freelists:
   Non-Class:  11.88 MB
       Class:  15.73 MB
        Both:  27.60 MB

MaxMetaspaceSize: unlimited
CompressedClassSpaceSize: 1.00 GB
Initial GC threshold: 21.00 MB
Current GC threshold: 21.00 MB
CDS: on
MetaspaceReclaimPolicy: balanced
 - commit_granule_bytes: 65536.
 - commit_granule_words: 8192.
 - virtual_space_node_default_size: 8388608.
 - enlarge_chunks_in_place: 1.
 - new_chunks_are_fully_committed: 0.
 - uncommit_free_chunks: 1.
 - use_allocation_guard: 0.
 - handle_deallocations: 1.


Internal statistics:

num_allocs_failed_limit: 0.
num_arena_births: 6.
num_arena_deaths: 0.
num_vsnodes_births: 2.
num_vsnodes_deaths: 0.
num_space_committed: 14.
num_space_uncommitted: 0.
num_chunks_returned_to_freelist: 0.
num_chunks_taken_from_freelist: 18.
num_chunk_merges: 0.
num_chunk_splits: 9.
num_chunks_enlarged: 8.
num_inconsistent_stats: 0.

CodeHeap 'non-profiled nmethods': size=120000Kb used=44Kb max_used=44Kb free=119955Kb
 bounds [0x0000028192400000, 0x0000028192670000, 0x0000028199930000]
CodeHeap 'profiled nmethods': size=120000Kb used=206Kb max_used=206Kb free=119793Kb
 bounds [0x000002818a930000, 0x000002818aba0000, 0x0000028191e60000]
CodeHeap 'non-nmethods': size=5760Kb used=1112Kb max_used=1114Kb free=4647Kb
 bounds [0x0000028191e60000, 0x00000281920d0000, 0x0000028192400000]
 total_blobs=556 nmethods=165 adapters=304
 compilation: enabled
              stopped_count=0, restarted_count=0
 full_count=0

Compilation events (20 events):
Event: 0.101 Thread 0x00000281816a98c0 nmethod 154 0x000002819240aa10 code [0x000002819240ab80, 0x000002819240abd8]
Event: 0.102 Thread 0x00000281816a98c0  163       4       java.lang.CharacterDataLatin1::toUpperCaseEx (71 bytes)
Event: 0.102 Thread 0x000002819c6decd0 nmethod 157 0x000002818a95dd90 code [0x000002818a95e2c0, 0x000002818a960638]
Event: 0.102 Thread 0x000002819c6decd0  159       3       java.util.Arrays::copyOf (19 bytes)
Event: 0.102 Thread 0x000002819c6decd0 nmethod 159 0x000002818a961290 code [0x000002818a961440, 0x000002818a961728]
Event: 0.102 Thread 0x000002819c6decd0  158       3       java.lang.StringBuilder::toString (35 bytes)
Event: 0.102 Thread 0x000002819c6decd0 nmethod 158 0x000002818a961890 code [0x000002818a961a60, 0x000002818a961d38]
Event: 0.102 Thread 0x000002819c6decd0  162       3       java.lang.AbstractStringBuilder::newCapacity (59 bytes)
Event: 0.102 Thread 0x000002819c6decd0 nmethod 162 0x000002818a961e10 code [0x000002818a961fe0, 0x000002818a9623d8]
Event: 0.102 Thread 0x000002819c6decd0  160       3       java.util.HashMap::get (19 bytes)
Event: 0.102 Thread 0x00000281816a98c0 nmethod 163 0x000002819240ad10 code [0x000002819240ae80, 0x000002819240af78]
Event: 0.102 Thread 0x000002819c6decd0 nmethod 160 0x000002818a962590 code [0x000002818a962740, 0x000002818a962908]
Event: 0.102 Thread 0x000002819c6decd0  164       3       jdk.internal.util.ArraysSupport::newLength (27 bytes)
Event: 0.103 Thread 0x000002819c6decd0 nmethod 164 0x000002818a962a10 code [0x000002818a962bc0, 0x000002818a962e28]
Event: 0.103 Thread 0x000002819c6decd0  156       3       java.util.Objects::nonNull (10 bytes)
Event: 0.103 Thread 0x000002819c6decd0 nmethod 156 0x000002818a962f10 code [0x000002818a9630a0, 0x000002818a9631f8]
Event: 0.103 Thread 0x000002819c6decd0  161       3       java.util.AbstractMap::<init> (5 bytes)
Event: 0.103 Thread 0x000002819c6decd0 nmethod 161 0x000002818a963290 code [0x000002818a963420, 0x000002818a963578]
Event: 0.103 Thread 0x000002819c6decd0  165       3       java.lang.StringBuilder::<init> (7 bytes)
Event: 0.103 Thread 0x000002819c6decd0 nmethod 165 0x000002818a963610 code [0x000002818a9637a0, 0x000002818a9638e8]

GC Heap History (0 events):
No events

Dll operation events (5 events):
Event: 0.008 Loaded shared library C:\Program Files\Microsoft\jdk-17.0.11.9-hotspot\bin\java.dll
Event: 0.026 Loaded shared library C:\Program Files\Microsoft\jdk-17.0.11.9-hotspot\bin\jsvml.dll
Event: 0.054 Loaded shared library C:\Program Files\Microsoft\jdk-17.0.11.9-hotspot\bin\net.dll
Event: 0.056 Loaded shared library C:\Program Files\Microsoft\jdk-17.0.11.9-hotspot\bin\nio.dll
Event: 0.058 Loaded shared library C:\Program Files\Microsoft\jdk-17.0.11.9-hotspot\bin\zip.dll

Deoptimization events (0 events):
No events

Classes unloaded (0 events):
No events

Classes redefined (0 events):
No events

Internal exceptions (0 events):
No events

VM Operations (2 events):
Event: 0.059 Executing VM operation: HandshakeAllThreads
Event: 0.059 Executing VM operation: HandshakeAllThreads done

Events (20 events):
Event: 0.102 loading class sun/security/provider/MD5
Event: 0.102 loading class sun/security/provider/DigestBase
Event: 0.102 loading class sun/security/provider/DigestBase done
Event: 0.102 loading class sun/security/provider/MD5 done
Event: 0.102 loading class sun/security/jca/GetInstance$Instance
Event: 0.102 loading class sun/security/jca/GetInstance$Instance done
Event: 0.103 loading class java/security/MessageDigest$Delegate
Event: 0.103 loading class sun/security/util/MessageDigestSpi2
Event: 0.103 loading class sun/security/util/MessageDigestSpi2 done
Event: 0.103 loading class java/security/MessageDigest$Delegate done
Event: 0.103 loading class java/security/MessageDigest$Delegate$CloneableDelegate
Event: 0.103 loading class java/security/MessageDigest$Delegate$CloneableDelegate done
Event: 0.103 loading class sun/security/provider/ByteArrayAccess$LE
Event: 0.103 loading class sun/security/provider/ByteArrayAccess$LE done
Event: 0.103 loading class java/lang/invoke/VarHandleByteArrayAsInts$ArrayHandle
Event: 0.103 loading class java/lang/invoke/VarHandleByteArrayAsInts$ByteArrayViewVarHandle
Event: 0.103 loading class java/lang/invoke/VarHandleByteArrayAsInts$ByteArrayViewVarHandle done
Event: 0.103 loading class java/lang/invoke/VarHandleByteArrayAsInts$ArrayHandle done
Event: 0.104 loading class java/lang/ArrayIndexOutOfBoundsException
Event: 0.104 loading class java/lang/IndexOutOfBoundsException


Dynamic libraries:
0x00007ff765b70000 - 0x00007ff765b7e000 	C:\Program Files\Microsoft\jdk-17.0.11.9-hotspot\bin\java.exe
0x00007ff81d810000 - 0x00007ff81da08000 	C:\Windows\SYSTEM32\ntdll.dll
0x00007ff81b940000 - 0x00007ff81ba01000 	C:\Windows\System32\KERNEL32.DLL
0x00007ff81afd0000 - 0x00007ff81b2c6000 	C:\Windows\System32\KERNELBASE.dll
0x00007ff81b660000 - 0x00007ff81b760000 	C:\Windows\System32\ucrtbase.dll
0x00007ff8177a0000 - 0x00007ff8177bb000 	C:\Program Files\Microsoft\jdk-17.0.11.9-hotspot\bin\VCRUNTIME140.dll
0x00007ff817730000 - 0x00007ff817747000 	C:\Program Files\Microsoft\jdk-17.0.11.9-hotspot\bin\jli.dll
0x00007ff81cfd0000 - 0x00007ff81d16f000 	C:\Windows\System32\USER32.dll
0x00007ff80b900000 - 0x00007ff80bb9a000 	C:\Windows\WinSxS\amd64_microsoft.windows.common-controls_6595b64144ccf1df_6.0.19041.4355_none_60b8b9eb71f62e16\COMCTL32.dll
0x00007ff81aec0000 - 0x00007ff81aee2000 	C:\Windows\System32\win32u.dll
0x00007ff81d2f0000 - 0x00007ff81d38e000 	C:\Windows\System32\msvcrt.dll
0x00007ff81d420000 - 0x00007ff81d44b000 	C:\Windows\System32\GDI32.dll
0x00007ff81b540000 - 0x00007ff81b657000 	C:\Windows\System32\gdi32full.dll
0x00007ff81b340000 - 0x00007ff81b3dd000 	C:\Windows\System32\msvcp_win.dll
0x00007ff81d1e0000 - 0x00007ff81d20f000 	C:\Windows\System32\IMM32.DLL
0x00007ff8178a0000 - 0x00007ff8178ac000 	C:\Program Files\Microsoft\jdk-17.0.11.9-hotspot\bin\vcruntime140_1.dll
0x00007ff813fe0000 - 0x00007ff81406d000 	C:\Program Files\Microsoft\jdk-17.0.11.9-hotspot\bin\msvcp140.dll
0x00007fffe2da0000 - 0x00007fffe3a06000 	C:\Program Files\Microsoft\jdk-17.0.11.9-hotspot\bin\server\jvm.dll
0x00007ff81c290000 - 0x00007ff81c340000 	C:\Windows\System32\ADVAPI32.dll
0x00007ff81c040000 - 0x00007ff81c0e0000 	C:\Windows\System32\sechost.dll
0x00007ff81d580000 - 0x00007ff81d6a3000 	C:\Windows\System32\RPCRT4.dll
0x00007ff81b810000 - 0x00007ff81b837000 	C:\Windows\System32\bcrypt.dll
0x00007ff8094e0000 - 0x00007ff8094e9000 	C:\Windows\SYSTEM32\WSOCK32.dll
0x00007ff81ad10000 - 0x00007ff81ad5b000 	C:\Windows\SYSTEM32\POWRPROF.dll
0x00007ff80f700000 - 0x00007ff80f727000 	C:\Windows\SYSTEM32\WINMM.dll
0x00007ff814280000 - 0x00007ff81428a000 	C:\Windows\SYSTEM32\VERSION.dll
0x00007ff81d510000 - 0x00007ff81d57b000 	C:\Windows\System32\WS2_32.dll
0x00007ff81acf0000 - 0x00007ff81ad02000 	C:\Windows\SYSTEM32\UMPDC.dll
0x00007ff818c80000 - 0x00007ff818c92000 	C:\Windows\SYSTEM32\kernel.appcore.dll
0x00007ff817810000 - 0x00007ff81781a000 	C:\Program Files\Microsoft\jdk-17.0.11.9-hotspot\bin\jimage.dll
0x00007ff814710000 - 0x00007ff8148f4000 	C:\Windows\SYSTEM32\DBGHELP.DLL
0x00007ff814460000 - 0x00007ff814494000 	C:\Windows\SYSTEM32\dbgcore.DLL
0x00007ff81aef0000 - 0x00007ff81af72000 	C:\Windows\System32\bcryptPrimitives.dll
0x00007ff813fb0000 - 0x00007ff813fd5000 	C:\Program Files\Microsoft\jdk-17.0.11.9-hotspot\bin\java.dll
0x00007ff813ac0000 - 0x00007ff813b97000 	C:\Program Files\Microsoft\jdk-17.0.11.9-hotspot\bin\jsvml.dll
0x00007ff81c860000 - 0x00007ff81cfcc000 	C:\Windows\System32\SHELL32.dll
0x00007ff818f60000 - 0x00007ff8196fe000 	C:\Windows\SYSTEM32\windows.storage.dll
0x00007ff81c340000 - 0x00007ff81c693000 	C:\Windows\System32\combase.dll
0x00007ff81a810000 - 0x00007ff81a83e000 	C:\Windows\SYSTEM32\Wldp.dll
0x00007ff81d210000 - 0x00007ff81d2dd000 	C:\Windows\System32\OLEAUT32.dll
0x00007ff81bac0000 - 0x00007ff81bb6d000 	C:\Windows\System32\SHCORE.dll
0x00007ff81d4b0000 - 0x00007ff81d505000 	C:\Windows\System32\shlwapi.dll
0x00007ff81adf0000 - 0x00007ff81ae14000 	C:\Windows\SYSTEM32\profapi.dll
0x00007ff8164f0000 - 0x00007ff816509000 	C:\Program Files\Microsoft\jdk-17.0.11.9-hotspot\bin\net.dll
0x00007ff8161d0000 - 0x00007ff8162da000 	C:\Windows\SYSTEM32\WINHTTP.dll
0x00007ff81a570000 - 0x00007ff81a5da000 	C:\Windows\system32\mswsock.dll
0x00007ff816330000 - 0x00007ff816346000 	C:\Program Files\Microsoft\jdk-17.0.11.9-hotspot\bin\nio.dll
0x00007ff813f90000 - 0x00007ff813fa8000 	C:\Program Files\Microsoft\jdk-17.0.11.9-hotspot\bin\zip.dll

dbghelp: loaded successfully - version: 4.0.5 - missing functions: none
symbol engine: initialized successfully - sym options: 0x614 - pdb path: .;C:\Program Files\Microsoft\jdk-17.0.11.9-hotspot\bin;C:\Windows\SYSTEM32;C:\Windows\WinSxS\amd64_microsoft.windows.common-controls_6595b64144ccf1df_6.0.19041.4355_none_60b8b9eb71f62e16;C:\Program Files\Microsoft\jdk-17.0.11.9-hotspot\bin\server

VM Arguments:
jvm_args: -Xmx64m -Xms64m -Dorg.gradle.appname=gradlew 
java_command: org.gradle.wrapper.GradleWrapperMain app:installDebug -PreactNativeDevServerPort=8081
java_class_path (initial): E:\Varshil\Ecommerce\Ecommerce\android\\gradle\wrapper\gradle-wrapper.jar
Launcher Type: SUN_STANDARD

[Global flags]
     intx CICompilerCount                          = 3                                         {product} {ergonomic}
     uint ConcGCThreads                            = 1                                         {product} {ergonomic}
     uint G1ConcRefinementThreads                  = 4                                         {product} {ergonomic}
   size_t G1HeapRegionSize                         = 1048576                                   {product} {ergonomic}
    uintx GCDrainStackTargetSize                   = 64                                        {product} {ergonomic}
   size_t InitialHeapSize                          = 67108864                                  {product} {command line}
   size_t MarkStackSize                            = 4194304                                   {product} {ergonomic}
   size_t MaxHeapSize                              = 67108864                                  {product} {command line}
   size_t MaxNewSize                               = 39845888                                  {product} {ergonomic}
   size_t MinHeapDeltaBytes                        = 1048576                                   {product} {ergonomic}
   size_t MinHeapSize                              = 67108864                                  {product} {command line}
    uintx NonNMethodCodeHeapSize                   = 5832780                                {pd product} {ergonomic}
    uintx NonProfiledCodeHeapSize                  = 122912730                              {pd product} {ergonomic}
    uintx ProfiledCodeHeapSize                     = 122912730                              {pd product} {ergonomic}
    uintx ReservedCodeCacheSize                    = 251658240                              {pd product} {ergonomic}
     bool SegmentedCodeCache                       = true                                      {product} {ergonomic}
   size_t SoftMaxHeapSize                          = 67108864                               {manageable} {ergonomic}
     bool UseCompressedClassPointers               = true                           {product lp64_product} {ergonomic}
     bool UseCompressedOops                        = true                           {product lp64_product} {ergonomic}
     bool UseG1GC                                  = true                                      {product} {ergonomic}
     bool UseLargePagesIndividualAllocation        = false                                  {pd product} {ergonomic}

Logging:
Log output configuration:
 #0: stdout all=warning uptime,level,tags
 #1: stderr all=off uptime,level,tags

Environment Variables:
JAVA_HOME=C:\Program Files\Microsoft\jdk-17.0.11.9-hotspot\
CLASSPATH=E:\Varshil\Ecommerce\Ecommerce\android\\gradle\wrapper\gradle-wrapper.jar
PATH=E:\Varshil\Ecommerce\Ecommerce\node_modules\.bin;E:\Varshil\Ecommerce\Ecommerce\node_modules\.bin;E:\Varshil\Ecommerce\node_modules\.bin;E:\Varshil\node_modules\.bin;E:\node_modules\.bin;C:\Program Files\nodejs\node_modules\npm\node_modules\@npmcli\run-script\lib\node-gyp-bin;E:\Varshil\Ecommerce\Ecommerce\node_modules\.bin;E:\Varshil\Ecommerce\Ecommerce\node_modules\.bin;E:\Varshil\Ecommerce\node_modules\.bin;E:\Varshil\node_modules\.bin;E:\node_modules\.bin;C:\Program Files\nodejs\node_modules\npm\node_modules\@npmcli\run-script\lib\node-gyp-bin;C:\Program Files\Microsoft\jdk-17.0.11.9-hotspot\bin;C:\Windows\system32;C:\Windows;C:\Windows\System32\Wbem;C:\Windows\System32\WindowsPowerShell\v1.0\;C:\Windows\System32\OpenSSH\;C:\Program Files\Git\cmd;C:\ProgramData\chocolatey\bin;C:\Program Files\nodejs\;C:\Users\BitKhanan2\AppData\Local\Android\Sdk\platform-tools;C:\Users\BitKhanan2\AppData\Local\Android\Sdk\tools;C:\Users\BitKhanan2\AppData\Local\Microsoft\WindowsApps;C:\Users\BitKhanan2\AppData\Local\Programs\Microsoft VS Code\bin;C:\Users\BitKhanan2\AppData\Roaming\npm;C:\Users\BitKhanan2\AppData\Local\Android\Sdk\platform-tools;
USERNAME=BitKhanan2
LANG=en_US.UTF-8
OS=Windows_NT
PROCESSOR_IDENTIFIER=Intel64 Family 6 Model 94 Stepping 3, GenuineIntel
TMP=C:\Users\BITKHA~1\AppData\Local\Temp
TEMP=C:\Users\BITKHA~1\AppData\Local\Temp



Periodic native trim disabled


---------------  S Y S T E M  ---------------

OS:
 Windows 10 , 64 bit Build 19041 (10.0.19041.4597)
OS uptime: 1 days 11:16 hours

CPU: total 4 (initial active 4) (4 cores per cpu, 1 threads per core) family 6 model 94 stepping 3 microcode 0xf0, cx8, cmov, fxsr, mmx, 3dnowpref, sse, sse2, sse3, ssse3, sse4.1, sse4.2, popcnt, lzcnt, tsc, tscinvbit, avx, avx2, aes, erms, clmul, bmi1, bmi2, rtm, adx, fma, vzeroupper, clflush, clflushopt
Processor Information for all 4 processors :
  Max Mhz: 3192, Current Mhz: 3192, Mhz Limit: 3192

Memory: 4k page, system-wide physical 8042M (463M free)
TotalPageFile size 13421M (AvailPageFile size 3M)
current process WorkingSet (physical memory assigned to process): 35M, peak: 35M
current process commit charge ("private bytes"): 135M, peak: 135M

vm_info: OpenJDK 64-Bit Server VM (17.0.11+9-LTS) for windows-amd64 JRE (17.0.11+9-LTS), built on Apr  9 2024 22:05:54 by "MicrosoftCorporation" with MS VC++ 16.10 / 16.11 (VS2019)

END.
